[0;36m[INFO][0m  Installing ChimeraOS session packages...
resolving dependencies...
looking for conflicting packages...

Package (2)                              New Version     Net Change  Download Size

cachyos/gamescope-session-git            r314.5030491-1    0.02 MiB       0.01 MiB
chaotic-aur/gamescope-session-steam-git  r19.1019f9a-1     0.01 MiB       0.01 MiB

Total Download Size:   0.02 MiB
Total Installed Size:  0.03 MiB

:: Proceed with installation? [Y/n] 
:: Retrieving packages...
 gamescope-session-git-r314.5030491-1-any downloading...
 gamescope-session-steam-git-r19.1019f9a-1-any downloading...
checking keyring...
checking package integrity...
loading package files...
checking for file conflicts...
:: Running pre-transaction hooks...
(1/2) Performing snapper pre snapshots for the following configurations...
==> root: 289
(2/2) Waiting for limine-snapper-sync to finish...
:: Processing package changes...
installing gamescope-session-git...
Optional dependencies for gamescope-session-git
    mangohud: for performance overlay [installed]
installing gamescope-session-steam-git...
Optional dependencies for gamescope-session-steam-git
    chimera: for steam-tweaks integration
    frzr: chimeraos update system
:: Running post-transaction hooks...
(1/6) Reloading user manager configuration...
(2/6) Arming ConditionNeedsUpdate...
(3/6) Updating fontconfig cache...
(4/6) Updating 32-bit fontconfig cache...
(5/6) Updating the desktop file MIME type cache...
(6/6) Performing snapper post snapshots for the following configurations...
==> root: 290
[0;32m[OK][0m   Packages OK
[0;36m[INFO][0m  Installing session scripts to /usr/local/bin/...
[0;32m[OK][0m   Scripts installed
[0;32m[OK][0m   NVIDIA wrapper installed
[0;32m[OK][0m   Steam exit handler installed
[0;36m[INFO][0m  Configuring SDDM...
[0;32m[OK][0m   SDDM configured
[0;36m[INFO][0m  Setting up permissions...
[0;32m[OK][0m   Permissions OK (relogin for group changes)
[0;36m[INFO][0m  Applying performance configs...
[0;32m[OK][0m   Performance configs applied

╔══════════════════════════════════════════════╗
║     Gaming Mode (DeckShift) setup complete   ║
╚══════════════════════════════════════════════╝

  Usage:
    Super+Shift+G  → Switch to Gaming Mode
    Super+Shift+R  → Return to Desktop (inside Gaming Mode)
    Steam → Power → Exit to Desktop (alternative)

  Notes:
    - Log out & back in for input/video group changes
    - Edit ~/.config/environment.d/gamescope-session-plus.conf
      for display/GPU settings

